MPASM 5.84                          ETCH.ASM   10-26-2020  23:31:32         PAGE  1


LOC  OBJECT CODE     LINE SOURCE TEXT
  VALUE

                      00001 ;##################################### PABLO DARDÓN ##############################
                      00002 ;%%%%%%%%%%%%%%%%%%%%%%%%%%%%%%%%%%%%% 17320 %%%%%%%%%%%%%%%%%%%%%%%%%%%%%%%%%%%%%
                      00003 ;´´´´´´´´´´´´´´´´´´´´´´´´´´´´´´´´´´´´´ PROYECTO ETCH A SKETCH ´´´´´´´´´´´´´´´´´´´´
                      00004 #include "p16f887.inc"
                      00001         LIST
                      00002 
                      00003 ;==========================================================================
                      00004 ; Build date : Mar 17 2019
                      00005 ;  MPASM PIC16F887 processor include
                      00006 ; 
                      00007 ;  (c) Copyright 1999-2019 Microchip Technology, All rights reserved
                      00008 ;==========================================================================
                      00009 
                      00810         LIST
                      00005 
                      00006     ;probando 
                      00007     ; version pwm 
                      00008 ; CONFIG1
                      00009 ; __config 0xFCD4
2007   20D4           00010  __CONFIG _CONFIG1, _FOSC_INTRC_NOCLKOUT & _WDTE_OFF & _PWRTE_OFF & _MCLRE_OFF & _CP_OFF & _CPD_OFF & _B
                            OREN_OFF & _IESO_OFF & _FCMEN_OFF & _LVP_OFF
                      00011 ; CONFIG2
                      00012 ; __config 0xFFFF
2008   3FFF           00013  __CONFIG _CONFIG2, _BOR4V_BOR40V & _WRT_OFF
                      00014  
                      00015  
                      00016 GPR_VAR     UDATA
0000                  00017 ADC             RES     1
0001                  00018 W_TEMP          RES     1
0002                  00019 STATUS_TEMP     RES     1
0003                  00020 DISPLAY_LOW1    RES     1
0004                  00021 DISPLAY_HIGH1   RES     1
0005                  00022 VAR_DISPLAY1    RES     1
0006                  00023 EJE1            RES     1
0007                  00024 EJE2            RES     1
0008                  00025 BANDERAS        RES     1
                      00026 
                      00027 
                      00028 RES_VECT    CODE    0x0000              ; processor reset vector
0000   2???           00029     GOTO    START                       ; go to beginning of program
                      00030 
                      00031 ISR_VECT    CODE    0x0004
0004                  00032 PUSH:
0004   00??           00033     MOVWF   W_TEMP
0005   0E03           00034     SWAPF   STATUS, W
0006   00??           00035     MOVWF   STATUS_TEMP
0007                  00036 ISR:
                      00037     
0007                  00038 POP:
0007   0E??           00039     SWAPF   STATUS_TEMP, W
0008   0083           00040     MOVWF   STATUS
0009   0E??           00041     SWAPF   W_TEMP, F
000A   0E??           00042     SWAPF   W_TEMP, W
MPASM 5.84                          ETCH.ASM   10-26-2020  23:31:32         PAGE  2


LOC  OBJECT CODE     LINE SOURCE TEXT
  VALUE

000B   0009           00043     RETFIE
                      00044 ;-------------------------------PRINCIPAL---------------------------------------
                      00045 MAIN_PROG CODE                     
                      00046 
0000                  00047 START
0000   2???           00048     CALL    CONFIG_OSCILATOR
0001   2???           00049     CALL    CONFIG_IO
0002   2???           00050     CALL    CONFIG_ADC                  ; canal 0, fosc/8, adc on, justificado a la izquierda, Vref inte
                            rno (0-5V)
                      00051 
0003                  00052 LOOP:
0003   2???           00053     CALL    DELAY
0004   149F           00054     BSF     ADCON0, GO
0005   189F           00055     BTFSC   ADCON0, GO
0006   2???           00056     GOTO    $-1
0007   081E           00057     MOVFW   ADRESH
0008   00??           00058     MOVWF   ADC
0009   2???           00059     CALL    VALORDISP
000A   2???           00060     GOTO    LOOP
                      00061 
000B                  00062 CONFIG_IO
000B   1683 1303      00063     BANKSEL TRISA
Message[302]: Register in operand not in bank 0.  Ensure that bank bits are correct.
000D   0185           00064     CLRF    TRISA
Message[305]: Using default destination of 1 (file).
Message[302]: Register in operand not in bank 0.  Ensure that bank bits are correct.
000E   0985           00065     COMF    TRISA
Message[302]: Register in operand not in bank 0.  Ensure that bank bits are correct.
000F   0186           00066     CLRF    TRISB
Message[302]: Register in operand not in bank 0.  Ensure that bank bits are correct.
0010   0187           00067     CLRF    TRISC
Message[302]: Register in operand not in bank 0.  Ensure that bank bits are correct.
0011   0188           00068     CLRF    TRISD
0012   1683 1703      00069     BANKSEL ANSEL
Message[302]: Register in operand not in bank 0.  Ensure that bank bits are correct.
0014   0188           00070     CLRF    ANSEL
Message[305]: Using default destination of 1 (file).
Message[302]: Register in operand not in bank 0.  Ensure that bank bits are correct.
0015   0988           00071     COMF    ANSEL
0016   1283 1303      00072     BANKSEL PORTA
0018   0185           00073     CLRF    PORTA
0019   0186           00074     CLRF    PORTB
001A   0187           00075     CLRF    PORTC
001B   0188           00076     CLRF    PORTD
001C   0008           00077     RETURN
                      00078 
001D                  00079 CONFIG_ADC
001D   1683 1303      00080     BANKSEL ADCON1
001F   3000           00081     MOVLW   B'00000000'                 ;VOLTAJES DE ENTRADA COMO REFERENCIA/DERECHA
Message[302]: Register in operand not in bank 0.  Ensure that bank bits are correct.
0020   009F           00082     MOVWF   ADCON1
0021   1283 1303      00083     BANKSEL ADCON0
0023   3041           00084     MOVLW   B'01000001'                 ;AN0-ADC ENCENDIDO-FOSC/8
MPASM 5.84                          ETCH.ASM   10-26-2020  23:31:32         PAGE  3


LOC  OBJECT CODE     LINE SOURCE TEXT
  VALUE

0024   009F           00085     MOVWF   ADCON0
0025   0008           00086     RETURN
                      00087 
0026                  00088 CONFIG_OSCILATOR
0026   1683 1303      00089     BANKSEL OSCCON
0028   3061           00090     MOVLW   B'01100001'                 ; OSCILADOR INTERNO 4MHz
Message[302]: Register in operand not in bank 0.  Ensure that bank bits are correct.
0029   008F           00091     MOVWF   OSCCON
002A   0008           00092     RETURN
                      00093 
                      00094 ;////////////////////////////////////// FUNCIONES DE LOOP //////////////////////////////////////////////
                            /////////////
                      00095 
002B                  00096 DELAY:
002B   0000           00097     NOP
002C   0000           00098     NOP
002D   0000           00099     NOP
002E   0000           00100     NOP
002F   0000           00101     NOP
0030   0000           00102     NOP
0031   0000           00103     NOP
0032   0000           00104     NOP
0033   0000           00105     NOP
0034   0000           00106     NOP
0035   0008           00107     RETURN
                      00108 
0036                  00109 VALORDISP:
0036   08??           00110     MOVFW   ADC
0037   00??           00111     MOVWF   EJE1
0038   0E??           00112     SWAPF   ADC,W
0039   00??           00113     MOVWF   EJE2
                      00114 
003A                  00115 SEPARAR:
003A   08??           00116    MOVF    EJE1, W
003B   00??           00117    MOVWF   VAR_DISPLAY1             ;Crea copia de la variable anterior
003C   390F           00118    ANDLW   B'00001111'
003D   00??           00119    MOVWF   DISPLAY_LOW1             ;Mueve la copia a la variable del display
                      00120    ;/////////////////////////// REPITE CON SIGUIENTE VARIABLE //////////////////////////////////////////
003E   08??           00121    MOVF    EJE2, W
003F   00??           00122    MOVWF   VAR_DISPLAY1
0040   390F           00123    ANDLW   B'00001111'
0041   00??           00124    MOVWF   DISPLAY_HIGH1
                      00125    
0042   0008           00126    RETURN
                      00127 
0043                  00128 DISPLAY:
0043   0188           00129     CLRF    PORTD
0044   1800           00130     BTFSC   BANDERAS, 0
0045   2???           00131     GOTO    DISPLAY_1
0046                  00132 DISPLAY_0:
0046   08??           00133     MOVF    DISPLAY_LOW1, W
0047   2???           00134     CALL    TABLA_7SEG
0048   0087           00135     MOVWF   PORTC
MPASM 5.84                          ETCH.ASM   10-26-2020  23:31:32         PAGE  4


LOC  OBJECT CODE     LINE SOURCE TEXT
  VALUE

0049   1588           00136     BSF     PORTD, RD3                  ;selecciona el display
004A   2???           00137     GOTO    DISP_FINA
004B                  00138 DISPLAY_1:
004B   08??           00139     MOVF    DISPLAY_HIGH1, W
004C   2???           00140     CALL    TABLA_7SEG
004D   0087           00141     MOVWF   PORTC
004E   1508           00142     BSF     PORTD, RD2
004F   2???           00143     GOTO    DISP_FINA
0050                  00144 DISP_FINA:    
0050   2???           00145     CALL    TOGGLE_A0
0051   0008           00146     RETURN
                      00147    
                      00148     
0052                  00149 TOGGLE_A0:
0052   1C00           00150     BTFSS   BANDERAS, 0
0053   2???           00151     GOTO    TOG_A0
0054                  00152 TOG_A1:
0054   1000           00153     BCF     BANDERAS, 0
0055   0008           00154     RETURN
0056                  00155 TOG_A0:
0056   1400           00156     BSF     BANDERAS, 0
0057   0008           00157     RETURN
                      00158 
                      00159 
                      00160 
0058                  00161 TABLA_7SEG:                                     ;Tabla para codificar valores binarios a display para di
                            splay de anodo comun. 
Message[305]: Using default destination of 1 (file).
0058   0782           00162     ADDWF   PCL
0059   34C0           00163     RETLW   B'11000000' ;0
005A   34F9           00164     RETLW   B'11111001' ;1
005B   34A4           00165     RETLW   B'10100100' ;2
005C   34B0           00166     RETLW   B'10110000' ;3
005D   3499           00167     RETLW   B'10011001' ;4
005E   3492           00168     RETLW   B'10010010' ;5
005F   3482           00169     RETLW   B'10000010' ;6
0060   34F8           00170     RETLW   B'11111000' ;7
0061   3480           00171     RETLW   B'10000000' ;8
0062   3490           00172     RETLW   B'10010000' ;9
                      00173 
                      00174 
                      00175 
                      00176 
                      00177 
                      00178 
Warning[205]: Found directive in column 1. (END)
20D4 3FFF             00179 END    
MPASM 5.84                          ETCH.ASM   10-26-2020  23:31:32         PAGE  5


SYMBOL TABLE
  LABEL                             VALUE 

ABDEN                             00000000
ABDOVF                            00000007
ACKDT                             00000005
ACKEN                             00000004
ACKSTAT                           00000006
ADC                               00000000
ADCON0                            0000001F
ADCON1                            0000009F
ADCS0                             00000006
ADCS1                             00000007
ADDEN                             00000003
ADFM                              00000007
ADIE                              00000006
ADIF                              00000006
ADON                              00000000
ADRESH                            0000001E
ADRESL                            0000009E
ANS0                              00000000
ANS1                              00000001
ANS10                             00000002
ANS11                             00000003
ANS12                             00000004
ANS13                             00000005
ANS2                              00000002
ANS3                              00000003
ANS4                              00000004
ANS5                              00000005
ANS6                              00000006
ANS7                              00000007
ANS8                              00000000
ANS9                              00000001
ANSEL                             00000188
ANSELH                            00000189
BANDERAS                          00000008
BAUDCTL                           00000187
BCLIE                             00000003
BCLIF                             00000003
BF                                00000000
BRG0                              00000000
BRG1                              00000001
BRG10                             00000002
BRG11                             00000003
BRG12                             00000004
BRG13                             00000005
BRG14                             00000006
BRG15                             00000007
BRG16                             00000003
BRG2                              00000002
BRG3                              00000003
BRG4                              00000004
BRG5                              00000005
BRG6                              00000006
BRG7                              00000007
MPASM 5.84                          ETCH.ASM   10-26-2020  23:31:32         PAGE  6


SYMBOL TABLE
  LABEL                             VALUE 

BRG8                              00000000
BRG9                              00000001
BRGH                              00000002
C                                 00000000
C1CH0                             00000000
C1CH1                             00000001
C1IE                              00000005
C1IF                              00000005
C1OE                              00000005
C1ON                              00000007
C1OUT                             00000006
C1POL                             00000004
C1R                               00000002
C1RSEL                            00000005
C1SEN                             00000005
C2CH0                             00000000
C2CH1                             00000001
C2IE                              00000006
C2IF                              00000006
C2OE                              00000005
C2ON                              00000007
C2OUT                             00000006
C2POL                             00000004
C2R                               00000002
C2REN                             00000004
C2RSEL                            00000004
C2SYNC                            00000000
CCP1CON                           00000017
CCP1IE                            00000002
CCP1IF                            00000002
CCP1M0                            00000000
CCP1M1                            00000001
CCP1M2                            00000002
CCP1M3                            00000003
CCP1X                             00000005
CCP1Y                             00000004
CCP2CON                           0000001D
CCP2IE                            00000000
CCP2IF                            00000000
CCP2M0                            00000000
CCP2M1                            00000001
CCP2M2                            00000002
CCP2M3                            00000003
CCP2X                             00000005
CCP2Y                             00000004
CCPR1                             00000015
CCPR1H                            00000016
CCPR1L                            00000015
CCPR2                             0000001B
CCPR2H                            0000001C
CCPR2L                            0000001B
CHS0                              00000002
CHS1                              00000003
MPASM 5.84                          ETCH.ASM   10-26-2020  23:31:32         PAGE  7


SYMBOL TABLE
  LABEL                             VALUE 

CHS2                              00000004
CHS3                              00000005
CKE                               00000006
CKP                               00000004
CM1CON0                           00000107
CM2CON0                           00000108
CM2CON1                           00000109
CONFIG_ADC                        0000001D
CONFIG_IO                         0000000B
CONFIG_OSCILATOR                  00000026
CREN                              00000004
CSRC                              00000007
D                                 00000005
DATA_ADDRESS                      00000005
DC                                00000001
DC1B0                             00000004
DC1B1                             00000005
DC2B0                             00000004
DC2B1                             00000005
DELAY                             0000002B
DISPLAY                           00000043
DISPLAY_0                         00000046
DISPLAY_1                         0000004B
DISPLAY_HIGH1                     00000004
DISPLAY_LOW1                      00000003
DISP_FINA                         00000050
D_A                               00000005
D_NOT_A                           00000005
ECCPAS                            0000009C
ECCPAS0                           00000004
ECCPAS1                           00000005
ECCPAS2                           00000006
ECCPASE                           00000007
EEADR                             0000010D
EEADRH                            0000010F
EECON1                            0000018C
EECON2                            0000018D
EEDAT                             0000010C
EEDATA                            0000010C
EEDATH                            0000010E
EEIE                              00000004
EEIF                              00000004
EEPGD                             00000007
EJE1                              00000006
EJE2                              00000007
F                                 00000001
FERR                              00000002
FSR                               00000004
FVREN                             00000000
GCEN                              00000007
GIE                               00000007
GO                                00000001
GO_DONE                           00000001
MPASM 5.84                          ETCH.ASM   10-26-2020  23:31:32         PAGE  8


SYMBOL TABLE
  LABEL                             VALUE 

GO_NOT_DONE                       00000001
HTS                               00000002
I2C_DATA                          00000005
I2C_READ                          00000002
I2C_START                         00000003
I2C_STOP                          00000004
INDF                              00000000
INTCON                            0000000B
INTE                              00000004
INTEDG                            00000006
INTF                              00000001
IOCB                              00000096
IOCB0                             00000000
IOCB1                             00000001
IOCB2                             00000002
IOCB3                             00000003
IOCB4                             00000004
IOCB5                             00000005
IOCB6                             00000006
IOCB7                             00000007
IRCF0                             00000004
IRCF1                             00000005
IRCF2                             00000006
IRP                               00000007
ISR                               00000007
LOOP                              00000003
LTS                               00000001
MC1OUT                            00000007
MC2OUT                            00000006
MSK                               00000093
MSK0                              00000000
MSK1                              00000001
MSK2                              00000002
MSK3                              00000003
MSK4                              00000004
MSK5                              00000005
MSK6                              00000006
MSK7                              00000007
NOT_A                             00000005
NOT_ADDRESS                       00000005
NOT_BO                            00000000
NOT_BOR                           00000000
NOT_DONE                          00000001
NOT_PD                            00000003
NOT_POR                           00000001
NOT_RBPU                          00000007
NOT_RC8                           00000006
NOT_T1SYNC                        00000002
NOT_TO                            00000004
NOT_TX8                           00000006
NOT_W                             00000002
NOT_WRITE                         00000002
OERR                              00000001
MPASM 5.84                          ETCH.ASM   10-26-2020  23:31:32         PAGE  9


SYMBOL TABLE
  LABEL                             VALUE 

OPTION_REG                        00000081
OSCCON                            0000008F
OSCTUNE                           00000090
OSFIE                             00000007
OSFIF                             00000007
OSTS                              00000003
P                                 00000004
P1M0                              00000006
P1M1                              00000007
PCL                               00000002
PCLATH                            0000000A
PCON                              0000008E
PDC0                              00000000
PDC1                              00000001
PDC2                              00000002
PDC3                              00000003
PDC4                              00000004
PDC5                              00000005
PDC6                              00000006
PEIE                              00000006
PEN                               00000002
PIE1                              0000008C
PIE2                              0000008D
PIR1                              0000000C
PIR2                              0000000D
POP                               00000007
PORTA                             00000005
PORTB                             00000006
PORTC                             00000007
PORTD                             00000008
PORTE                             00000009
PR2                               00000092
PRSEN                             00000007
PS0                               00000000
PS1                               00000001
PS2                               00000002
PSA                               00000003
PSSAC0                            00000002
PSSAC1                            00000003
PSSBD0                            00000000
PSSBD1                            00000001
PSTRCON                           0000009D
PULSR                             00000002
PULSS                             00000003
PUSH                              00000004
PWM1CON                           0000009B
R                                 00000002
RA0                               00000000
RA1                               00000001
RA2                               00000002
RA3                               00000003
RA4                               00000004
RA5                               00000005
MPASM 5.84                          ETCH.ASM   10-26-2020  23:31:32         PAGE 10


SYMBOL TABLE
  LABEL                             VALUE 

RA6                               00000006
RA7                               00000007
RB0                               00000000
RB1                               00000001
RB2                               00000002
RB3                               00000003
RB4                               00000004
RB5                               00000005
RB6                               00000006
RB7                               00000007
RBIE                              00000003
RBIF                              00000000
RC0                               00000000
RC1                               00000001
RC2                               00000002
RC3                               00000003
RC4                               00000004
RC5                               00000005
RC6                               00000006
RC7                               00000007
RC8_9                             00000006
RC9                               00000006
RCD8                              00000000
RCEN                              00000003
RCIDL                             00000006
RCIE                              00000005
RCIF                              00000005
RCREG                             0000001A
RCSTA                             00000018
RD                                00000000
RD0                               00000000
RD1                               00000001
RD2                               00000002
RD3                               00000003
RD4                               00000004
RD5                               00000005
RD6                               00000006
RD7                               00000007
RE0                               00000000
RE1                               00000001
RE2                               00000002
RE3                               00000003
READ_WRITE                        00000002
RP0                               00000005
RP1                               00000006
RSEN                              00000001
RX9                               00000006
RX9D                              00000000
R_NOT_W                           00000002
R_W                               00000002
S                                 00000003
SBOREN                            00000004
SCKP                              00000004
MPASM 5.84                          ETCH.ASM   10-26-2020  23:31:32         PAGE 11


SYMBOL TABLE
  LABEL                             VALUE 

SCS                               00000000
SEN                               00000000
SENDB                             00000003
SEPARAR                           0000003A
SMP                               00000007
SPBRG                             00000099
SPBRGH                            0000009A
SPEN                              00000007
SR0                               00000006
SR1                               00000007
SRCON                             00000185
SREN                              00000005
SSPADD                            00000093
SSPBUF                            00000013
SSPCON                            00000014
SSPCON2                           00000091
SSPEN                             00000005
SSPIE                             00000003
SSPIF                             00000003
SSPM0                             00000000
SSPM1                             00000001
SSPM2                             00000002
SSPM3                             00000003
SSPMSK                            00000093
SSPOV                             00000006
SSPSTAT                           00000094
START                             00000000
STATUS                            00000003
STATUS_TEMP                       00000002
STRA                              00000000
STRB                              00000001
STRC                              00000002
STRD                              00000003
STRSYNC                           00000004
SWDTEN                            00000000
SYNC                              00000004
T0CS                              00000005
T0IE                              00000005
T0IF                              00000002
T0SE                              00000004
T1CKPS0                           00000004
T1CKPS1                           00000005
T1CON                             00000010
T1GINV                            00000007
T1GIV                             00000007
T1GSS                             00000001
T1INSYNC                          00000002
T1OSCEN                           00000003
T1SYNC                            00000002
T2CKPS0                           00000000
T2CKPS1                           00000001
T2CON                             00000012
TABLA_7SEG                        00000058
MPASM 5.84                          ETCH.ASM   10-26-2020  23:31:32         PAGE 12


SYMBOL TABLE
  LABEL                             VALUE 

TMR0                              00000001
TMR0IE                            00000005
TMR0IF                            00000002
TMR1                              0000000E
TMR1CS                            00000001
TMR1GE                            00000006
TMR1H                             0000000F
TMR1IE                            00000000
TMR1IF                            00000000
TMR1L                             0000000E
TMR1ON                            00000000
TMR2                              00000011
TMR2IE                            00000001
TMR2IF                            00000001
TMR2ON                            00000002
TOGGLE_A0                         00000052
TOG_A0                            00000056
TOG_A1                            00000054
TOUTPS0                           00000003
TOUTPS1                           00000004
TOUTPS2                           00000005
TOUTPS3                           00000006
TRISA                             00000085
TRISA0                            00000000
TRISA1                            00000001
TRISA2                            00000002
TRISA3                            00000003
TRISA4                            00000004
TRISA5                            00000005
TRISA6                            00000006
TRISA7                            00000007
TRISB                             00000086
TRISB0                            00000000
TRISB1                            00000001
TRISB2                            00000002
TRISB3                            00000003
TRISB4                            00000004
TRISB5                            00000005
TRISB6                            00000006
TRISB7                            00000007
TRISC                             00000087
TRISC0                            00000000
TRISC1                            00000001
TRISC2                            00000002
TRISC3                            00000003
TRISC4                            00000004
TRISC5                            00000005
TRISC6                            00000006
TRISC7                            00000007
TRISD                             00000088
TRISD0                            00000000
TRISD1                            00000001
TRISD2                            00000002
MPASM 5.84                          ETCH.ASM   10-26-2020  23:31:32         PAGE 13


SYMBOL TABLE
  LABEL                             VALUE 

TRISD3                            00000003
TRISD4                            00000004
TRISD5                            00000005
TRISD6                            00000006
TRISD7                            00000007
TRISE                             00000089
TRISE0                            00000000
TRISE1                            00000001
TRISE2                            00000002
TRISE3                            00000003
TRMT                              00000001
TUN0                              00000000
TUN1                              00000001
TUN2                              00000002
TUN3                              00000003
TUN4                              00000004
TX8_9                             00000006
TX9                               00000006
TX9D                              00000000
TXD8                              00000000
TXEN                              00000005
TXIE                              00000004
TXIF                              00000004
TXREG                             00000019
TXSTA                             00000098
UA                                00000001
ULPWUE                            00000005
ULPWUIE                           00000002
ULPWUIF                           00000002
VALORDISP                         00000036
VAR_DISPLAY1                      00000005
VCFG0                             00000004
VCFG1                             00000005
VR0                               00000000
VR1                               00000001
VR2                               00000002
VR3                               00000003
VRCON                             00000097
VREN                              00000007
VROE                              00000006
VRR                               00000005
VRSS                              00000004
W                                 00000000
WCOL                              00000007
WDTCON                            00000105
WDTPS0                            00000001
WDTPS1                            00000002
WDTPS2                            00000003
WDTPS3                            00000004
WPUB                              00000095
WPUB0                             00000000
WPUB1                             00000001
WPUB2                             00000002
MPASM 5.84                          ETCH.ASM   10-26-2020  23:31:32         PAGE 14


SYMBOL TABLE
  LABEL                             VALUE 

WPUB3                             00000003
WPUB4                             00000004
WPUB5                             00000005
WPUB6                             00000006
WPUB7                             00000007
WR                                00000001
WREN                              00000002
WRERR                             00000003
WUE                               00000001
W_TEMP                            00000001
Z                                 00000002
_BOR21V                           00003EFF
_BOR40V                           00003FFF
_BOR4V_BOR21V                     00003EFF
_BOR4V_BOR40V                     00003FFF
_BOREN_NSLEEP                     00003EFF
_BOREN_OFF                        00003CFF
_BOREN_ON                         00003FFF
_BOREN_SBODEN                     00003DFF
_BOR_NSLEEP                       00003EFF
_BOR_OFF                          00003CFF
_BOR_ON                           00003FFF
_BOR_SBODEN                       00003DFF
_CONFIG1                          00002007
_CONFIG2                          00002008
_CPD_OFF                          00003FFF
_CPD_ON                           00003F7F
_CP_OFF                           00003FFF
_CP_ON                            00003FBF
_DEBUG_OFF                        00003FFF
_DEBUG_ON                         00001FFF
_DEVID1                           00002006
_EC_OSC                           00003FFB
_EXTRC                            00003FFF
_EXTRCIO                          00003FFE
_EXTRC_OSC_CLKOUT                 00003FFF
_EXTRC_OSC_NOCLKOUT               00003FFE
_FCMEN_OFF                        000037FF
_FCMEN_ON                         00003FFF
_FOSC_EC                          00003FFB
_FOSC_EXTRC_CLKOUT                00003FFF
_FOSC_EXTRC_NOCLKOUT              00003FFE
_FOSC_HS                          00003FFA
_FOSC_INTRC_CLKOUT                00003FFD
_FOSC_INTRC_NOCLKOUT              00003FFC
_FOSC_LP                          00003FF8
_FOSC_XT                          00003FF9
_HS_OSC                           00003FFA
_IDLOC0                           00002000
_IDLOC1                           00002001
_IDLOC2                           00002002
_IDLOC3                           00002003
_IESO_OFF                         00003BFF
MPASM 5.84                          ETCH.ASM   10-26-2020  23:31:32         PAGE 15


SYMBOL TABLE
  LABEL                             VALUE 

_IESO_ON                          00003FFF
_INTOSC                           00003FFD
_INTOSCIO                         00003FFC
_INTRC_OSC_CLKOUT                 00003FFD
_INTRC_OSC_NOCLKOUT               00003FFC
_LP_OSC                           00003FF8
_LVP_OFF                          00002FFF
_LVP_ON                           00003FFF
_MAIN_PROG_0006                   00000006
_MCLRE_OFF                        00003FDF
_MCLRE_ON                         00003FFF
_PWRTE_OFF                        00003FFF
_PWRTE_ON                         00003FEF
_WDTE_OFF                         00003FF7
_WDTE_ON                          00003FFF
_WDT_OFF                          00003FF7
_WDT_ON                           00003FFF
_WRT_1FOURTH                      00003BFF
_WRT_256                          00003DFF
_WRT_HALF                         000039FF
_WRT_OFF                          00003FFF
_XT_OSC                           00003FF9
__16F887                          00000001
__DEBUG                           
__MPLAB_DEBUGGER_SIMULATOR        1

Errors   :     0
Warnings :     1 reported,     0 suppressed
Messages :    12 reported,     0 suppressed

